C:\NEW FOLDER (5)\NEW FOLDER (9)\NEW FOLDER (8)\DIRECTX\DEBUG\DIRECTX.EXE
C:\NEW FOLDER (5)\NEW FOLDER (9)\NEW FOLDER (8)\DIRECTX\DEBUG\DIRECTX.ILK
C:\NEW FOLDER (5)\NEW FOLDER (9)\NEW FOLDER (8)\DIRECTX\DEBUG\DIRECTX.PDB
C:\NEW FOLDER (5)\NEW FOLDER (9)\NEW FOLDER (8)\DIRECTX\DIRECTX\DEBUG\DIRECTX.EXE.INTERMEDIATE.MANIFEST
C:\NEW FOLDER (5)\NEW FOLDER (9)\NEW FOLDER (8)\DIRECTX\DIRECTX\DEBUG\VC100.PDB
C:\NEW FOLDER (5)\NEW FOLDER (9)\NEW FOLDER (8)\DIRECTX\DIRECTX\MAIN.ASM
C:\T\DIRECTX\NEW FOLDER (8)\DIRECTX\DEBUG\DIRECTX.EXE
C:\T\DIRECTX\NEW FOLDER (8)\DIRECTX\DEBUG\DIRECTX.ILK
C:\T\DIRECTX\NEW FOLDER (8)\DIRECTX\DEBUG\DIRECTX.PDB
C:\T\Directx\New folder (8)\DirectX\DirectX\Debug\cl.command.1.tlog
C:\T\Directx\New folder (8)\DirectX\DirectX\Debug\CL.read.1.tlog
C:\T\Directx\New folder (8)\DirectX\DirectX\Debug\CL.write.1.tlog
C:\T\DIRECTX\NEW FOLDER (8)\DIRECTX\DIRECTX\DEBUG\DIRECTX.EXE.INTERMEDIATE.MANIFEST
C:\T\Directx\New folder (8)\DirectX\DirectX\Debug\DirectX.vcxprojResolveAssemblyReference.cache
C:\T\Directx\New folder (8)\DirectX\DirectX\Debug\DirectX.write.1.tlog
C:\T\Directx\New folder (8)\DirectX\DirectX\Debug\link.command.1.tlog
C:\T\Directx\New folder (8)\DirectX\DirectX\Debug\link.read.1.tlog
C:\T\Directx\New folder (8)\DirectX\DirectX\Debug\link.write.1.tlog
C:\T\DIRECTX\NEW FOLDER (8)\DIRECTX\DIRECTX\DEBUG\MAIN.OBJ
C:\T\Directx\New folder (8)\DirectX\DirectX\Debug\mt.command.1.tlog
C:\T\Directx\New folder (8)\DirectX\DirectX\Debug\mt.read.1.tlog
C:\T\Directx\New folder (8)\DirectX\DirectX\Debug\mt.write.1.tlog
C:\T\Directx\New folder (8)\DirectX\DirectX\Debug\vc100.idb
C:\T\DIRECTX\NEW FOLDER (8)\DIRECTX\DIRECTX\DEBUG\VC100.PDB
C:\T\DIRECTX\NEW FOLDER (8)\DIRECTX\DIRECTX\MAIN.ASM
F:\NEW FOLDER (10)\NEW FOLDER (9)\NEW FOLDER (8)\DIRECTX\DEBUG\DIRECTX.EXE
F:\NEW FOLDER (10)\NEW FOLDER (9)\NEW FOLDER (8)\DIRECTX\DEBUG\DIRECTX.ILK
F:\NEW FOLDER (10)\NEW FOLDER (9)\NEW FOLDER (8)\DIRECTX\DEBUG\DIRECTX.PDB
F:\NEW FOLDER (10)\NEW FOLDER (9)\NEW FOLDER (8)\DIRECTX\DIRECTX\DEBUG\DIRECTX.EXE.INTERMEDIATE.MANIFEST
F:\NEW FOLDER (10)\NEW FOLDER (9)\NEW FOLDER (8)\DIRECTX\DIRECTX\DEBUG\MAIN.OBJ
F:\NEW FOLDER (10)\NEW FOLDER (9)\NEW FOLDER (8)\DIRECTX\DIRECTX\DEBUG\VC100.PDB
F:\NEW FOLDER (10)\NEW FOLDER (9)\NEW FOLDER (8)\DIRECTX\DIRECTX\MAIN.ASM
F:\NEW FOLDER (11)\NEW FOLDER (10)\NEW FOLDER (9)\NEW FOLDER (8)\DIRECTX\DEBUG\DIRECTX.EXE
F:\NEW FOLDER (11)\NEW FOLDER (10)\NEW FOLDER (9)\NEW FOLDER (8)\DIRECTX\DIRECTX\DEBUG\MAIN.OBJ
F:\NEW FOLDER (11)\NEW FOLDER (10)\NEW FOLDER (9)\NEW FOLDER (8)\DIRECTX\DIRECTX\DEBUG\VC100.PDB
F:\NEW FOLDER (11)\NEW FOLDER (10)\NEW FOLDER (9)\NEW FOLDER (8)\DIRECTX\DIRECTX\MAIN.ASM
F:\NEW FOLDER (14)\DIRECTX\NEW FOLDER (8)\DIRECTX\DEBUG\DIRECTX.EXE
F:\NEW FOLDER (14)\DIRECTX\NEW FOLDER (8)\DIRECTX\DEBUG\DIRECTX.ILK
F:\NEW FOLDER (14)\DIRECTX\NEW FOLDER (8)\DIRECTX\DEBUG\DIRECTX.PDB
F:\NEW FOLDER (14)\DIRECTX\NEW FOLDER (8)\DIRECTX\DIRECTX\DEBUG\DIRECTX.EXE.INTERMEDIATE.MANIFEST
F:\NEW FOLDER (14)\DIRECTX\NEW FOLDER (8)\DIRECTX\DIRECTX\DEBUG\MAIN.OBJ
F:\NEW FOLDER (14)\DIRECTX\NEW FOLDER (8)\DIRECTX\DIRECTX\DEBUG\VC100.PDB
F:\NEW FOLDER (14)\DIRECTX\NEW FOLDER (8)\DIRECTX\DIRECTX\MAIN.ASM
F:\NEW FOLDER (9)\NEW FOLDER (8)\DIRECTX\DEBUG\DIRECTX.EXE
F:\NEW FOLDER (9)\NEW FOLDER (8)\DIRECTX\DEBUG\DIRECTX.ILK
F:\NEW FOLDER (9)\NEW FOLDER (8)\DIRECTX\DEBUG\DIRECTX.PDB
F:\NEW FOLDER (9)\NEW FOLDER (8)\DIRECTX\DIRECTX\DEBUG\DIRECTX.EXE.INTERMEDIATE.MANIFEST
F:\NEW FOLDER (9)\NEW FOLDER (8)\DIRECTX\DIRECTX\DEBUG\MAIN.OBJ
F:\NEW FOLDER (9)\NEW FOLDER (8)\DIRECTX\DIRECTX\DEBUG\VC100.PDB
F:\NEW FOLDER (9)\NEW FOLDER (8)\DIRECTX\DIRECTX\MAIN.ASM
N:\DIRECTX\NEW FOLDER (8)\DIRECTX\DEBUG\DIRECTX.EXE
N:\DIRECTX\NEW FOLDER (8)\DIRECTX\DEBUG\DIRECTX.ILK
N:\DIRECTX\NEW FOLDER (8)\DIRECTX\DEBUG\DIRECTX.PDB
N:\DIRECTX\NEW FOLDER (8)\DIRECTX\DIRECTX\DEBUG\DIRECTX.EXE.INTERMEDIATE.MANIFEST
N:\DIRECTX\NEW FOLDER (8)\DIRECTX\DIRECTX\DEBUG\MAIN.OBJ
N:\DIRECTX\NEW FOLDER (8)\DIRECTX\DIRECTX\DEBUG\VC100.PDB
N:\DIRECTX\NEW FOLDER (8)\DIRECTX\DIRECTX\MAIN.ASM
N:\NEW FOLDER (10)\NEW FOLDER (9)\NEW FOLDER (8)\DIRECTX\DEBUG\DIRECTX.EXE
N:\NEW FOLDER (10)\NEW FOLDER (9)\NEW FOLDER (8)\DIRECTX\DEBUG\DIRECTX.ILK
N:\NEW FOLDER (10)\NEW FOLDER (9)\NEW FOLDER (8)\DIRECTX\DEBUG\DIRECTX.PDB
N:\NEW FOLDER (10)\NEW FOLDER (9)\NEW FOLDER (8)\DIRECTX\DIRECTX\DEBUG\DIRECTX.EXE.INTERMEDIATE.MANIFEST
N:\NEW FOLDER (10)\NEW FOLDER (9)\NEW FOLDER (8)\DIRECTX\DIRECTX\DEBUG\MAIN.OBJ
N:\NEW FOLDER (10)\NEW FOLDER (9)\NEW FOLDER (8)\DIRECTX\DIRECTX\DEBUG\VC100.PDB
N:\NEW FOLDER (10)\NEW FOLDER (9)\NEW FOLDER (8)\DIRECTX\DIRECTX\MAIN.ASM
